-- The C compiler identification is GNU 13.3.0
-- The CXX compiler identification is GNU 13.3.0
-- Detecting C compiler ABI info
-- Detecting C compiler ABI info - done
-- Check for working C compiler: /usr/bin/cc - skipped
-- Detecting C compile features
-- Detecting C compile features - done
-- Detecting CXX compiler ABI info
-- Detecting CXX compiler ABI info - done
-- Check for working CXX compiler: /usr/bin/c++ - skipped
-- Detecting CXX compile features
-- Detecting CXX compile features - done
-- Found ament_cmake: 2.5.5 (/opt/ros/jazzy/share/ament_cmake/cmake)
-- Found Python3: /usr/bin/python3 (found version "3.12.3") found components: Interpreter 
-- Found rosidl_default_generators: 1.6.0 (/opt/ros/jazzy/share/rosidl_default_generators/cmake)
-- Using all available rosidl_typesupport_c: rosidl_typesupport_fastrtps_c;rosidl_typesupport_introspection_c
-- Using all available rosidl_typesupport_cpp: rosidl_typesupport_fastrtps_cpp;rosidl_typesupport_introspection_cpp
-- Found rosidl_adapter: 4.6.7 (/opt/ros/jazzy/share/rosidl_adapter/cmake)
-- Found builtin_interfaces: 2.0.3 (/opt/ros/jazzy/share/builtin_interfaces/cmake)
-- Found ament_cmake_ros: 0.12.0 (/opt/ros/jazzy/share/ament_cmake_ros/cmake)
-- Using all available rosidl_typesupport_c: rosidl_typesupport_fastrtps_c;rosidl_typesupport_introspection_c
-- Using all available rosidl_typesupport_cpp: rosidl_typesupport_fastrtps_cpp;rosidl_typesupport_introspection_cpp
-- Found python_cmake_module: 0.11.1 (/opt/ros/jazzy/share/python_cmake_module/cmake)
-- Found PythonExtra: /usr/bin/python3  
-- Found Python3: /usr/bin/python3 (found version "3.12.3") found components: Interpreter Development NumPy Development.Module Development.Embed 
-- Configuring done (2.2s)
-- Generating done (0.0s)
-- Build files have been written to: /root/dev_ws/src/anomaly_detection/build/anomaly_msg
[  2%] [34m[1mGenerating type hashes for ROS interfaces[0m
[  2%] Built target ament_cmake_python_copy_anomaly_msg
running egg_info
creating anomaly_msg.egg-info
[  2%] Built target anomaly_msg__rosidl_generator_type_description
writing anomaly_msg.egg-info/PKG-INFO
writing dependency_links to anomaly_msg.egg-info/dependency_links.txt
writing top-level names to anomaly_msg.egg-info/top_level.txt
writing manifest file 'anomaly_msg.egg-info/SOURCES.txt'
[  5%] [34m[1mGenerating C code for ROS interfaces[0m
[  8%] [34m[1mGenerating C++ code for ROS interfaces[0m
reading manifest file 'anomaly_msg.egg-info/SOURCES.txt'
writing manifest file 'anomaly_msg.egg-info/SOURCES.txt'
[  8%] Built target ament_cmake_python_build_anomaly_msg_egg
[  8%] Built target anomaly_msg__cpp
[ 14%] [32mBuilding C object CMakeFiles/anomaly_msg__rosidl_generator_c.dir/rosidl_generator_c/anomaly_msg/msg/detail/anomaly_log__description.c.o[0m
[ 14%] [32mBuilding C object CMakeFiles/anomaly_msg__rosidl_generator_c.dir/rosidl_generator_c/anomaly_msg/msg/detail/anomaly_log__functions.c.o[0m
[ 17%] [32mBuilding C object CMakeFiles/anomaly_msg__rosidl_generator_c.dir/rosidl_generator_c/anomaly_msg/msg/detail/anomaly_log__type_support.c.o[0m
[ 20%] [32m[1mLinking C shared library libanomaly_msg__rosidl_generator_c.so[0m
[ 20%] Built target anomaly_msg__rosidl_generator_c
[ 38%] [34m[1mGenerating C type support for eProsima Fast-RTPS[0m
[ 38%] [34m[1mGenerating C++ type support dispatch for ROS interfaces[0m
[ 38%] [34m[1mGenerating C++ introspection for ROS interfaces[0m
[ 38%] [34m[1mGenerating C++ type support for eProsima Fast-RTPS[0m
[ 38%] [34m[1mGenerating C type support dispatch for ROS interfaces[0m
[ 38%] [34m[1mGenerating C introspection for ROS interfaces[0m
[ 44%] [32mBuilding CXX object CMakeFiles/anomaly_msg__rosidl_typesupport_cpp.dir/rosidl_typesupport_cpp/anomaly_msg/msg/anomaly_log__type_support.cpp.o[0m
[ 44%] [32mBuilding CXX object CMakeFiles/anomaly_msg__rosidl_typesupport_c.dir/rosidl_typesupport_c/anomaly_msg/msg/anomaly_log__type_support.cpp.o[0m
[ 47%] [32mBuilding CXX object CMakeFiles/anomaly_msg__rosidl_typesupport_introspection_cpp.dir/rosidl_typesupport_introspection_cpp/anomaly_msg/msg/detail/anomaly_log__type_support.cpp.o[0m
[ 50%] [32mBuilding C object CMakeFiles/anomaly_msg__rosidl_typesupport_introspection_c.dir/rosidl_typesupport_introspection_c/anomaly_msg/msg/detail/anomaly_log__type_support.c.o[0m
[ 52%] [32mBuilding CXX object CMakeFiles/anomaly_msg__rosidl_typesupport_fastrtps_cpp.dir/rosidl_typesupport_fastrtps_cpp/anomaly_msg/msg/detail/dds_fastrtps/anomaly_log__type_support.cpp.o[0m
[ 55%] [32mBuilding CXX object CMakeFiles/anomaly_msg__rosidl_typesupport_fastrtps_c.dir/rosidl_typesupport_fastrtps_c/anomaly_msg/msg/detail/anomaly_log__type_support_c.cpp.o[0m
[ 58%] [32m[1mLinking CXX shared library libanomaly_msg__rosidl_typesupport_c.so[0m
[ 61%] [32m[1mLinking C shared library libanomaly_msg__rosidl_typesupport_introspection_c.so[0m
[ 61%] Built target anomaly_msg__rosidl_typesupport_c
[ 61%] Built target anomaly_msg__rosidl_typesupport_introspection_c
[ 64%] [32m[1mLinking CXX shared library libanomaly_msg__rosidl_typesupport_cpp.so[0m
[ 64%] Built target anomaly_msg__rosidl_typesupport_cpp
[ 67%] [32m[1mLinking CXX shared library libanomaly_msg__rosidl_typesupport_introspection_cpp.so[0m
[ 67%] Built target anomaly_msg__rosidl_typesupport_introspection_cpp
[ 70%] [32m[1mLinking CXX shared library libanomaly_msg__rosidl_typesupport_fastrtps_c.so[0m
[ 73%] [32m[1mLinking CXX shared library libanomaly_msg__rosidl_typesupport_fastrtps_cpp.so[0m
[ 73%] Built target anomaly_msg__rosidl_typesupport_fastrtps_c
[ 73%] Built target anomaly_msg__rosidl_typesupport_fastrtps_cpp
[ 73%] Built target anomaly_msg
[ 76%] [34m[1mGenerating Python code for ROS interfaces[0m
[ 76%] Built target anomaly_msg__py
[ 79%] [32mBuilding C object CMakeFiles/anomaly_msg__rosidl_generator_py.dir/rosidl_generator_py/anomaly_msg/msg/_anomaly_log_s.c.o[0m
[ 82%] [32m[1mLinking C shared library libanomaly_msg__rosidl_generator_py.so[0m
[ 82%] Built target anomaly_msg__rosidl_generator_py
[ 91%] [32mBuilding C object CMakeFiles/anomaly_msg_s__rosidl_typesupport_c.dir/rosidl_generator_py/anomaly_msg/_anomaly_msg_s.ep.rosidl_typesupport_c.c.o[0m
[ 91%] [32mBuilding C object CMakeFiles/anomaly_msg_s__rosidl_typesupport_fastrtps_c.dir/rosidl_generator_py/anomaly_msg/_anomaly_msg_s.ep.rosidl_typesupport_fastrtps_c.c.o[0m
[ 91%] [32mBuilding C object CMakeFiles/anomaly_msg_s__rosidl_typesupport_introspection_c.dir/rosidl_generator_py/anomaly_msg/_anomaly_msg_s.ep.rosidl_typesupport_introspection_c.c.o[0m
[ 97%] [32m[1mLinking C shared module rosidl_generator_py/anomaly_msg/anomaly_msg_s__rosidl_typesupport_c.so[0m
[ 97%] [32m[1mLinking C shared module rosidl_generator_py/anomaly_msg/anomaly_msg_s__rosidl_typesupport_introspection_c.so[0m
[100%] [32m[1mLinking C shared module rosidl_generator_py/anomaly_msg/anomaly_msg_s__rosidl_typesupport_fastrtps_c.so[0m
[100%] Built target anomaly_msg_s__rosidl_typesupport_c
[100%] Built target anomaly_msg_s__rosidl_typesupport_introspection_c
[100%] Built target anomaly_msg_s__rosidl_typesupport_fastrtps_c
-- Install configuration: ""
-- Installing: /root/dev_ws/src/anomaly_detection/install/anomaly_msg/share/ament_index/resource_index/rosidl_interfaces/anomaly_msg
-- Installing: /root/dev_ws/src/anomaly_detection/install/anomaly_msg/share/anomaly_msg/msg/AnomalyLog.json
-- Installing: /root/dev_ws/src/anomaly_detection/install/anomaly_msg/include/anomaly_msg/anomaly_msg
-- Installing: /root/dev_ws/src/anomaly_detection/install/anomaly_msg/include/anomaly_msg/anomaly_msg/msg
-- Installing: /root/dev_ws/src/anomaly_detection/install/anomaly_msg/include/anomaly_msg/anomaly_msg/msg/anomaly_log.h
-- Installing: /root/dev_ws/src/anomaly_detection/install/anomaly_msg/include/anomaly_msg/anomaly_msg/msg/rosidl_generator_c__visibility_control.h
-- Installing: /root/dev_ws/src/anomaly_detection/install/anomaly_msg/include/anomaly_msg/anomaly_msg/msg/detail
-- Installing: /root/dev_ws/src/anomaly_detection/install/anomaly_msg/include/anomaly_msg/anomaly_msg/msg/detail/anomaly_log__type_support.c
-- Installing: /root/dev_ws/src/anomaly_detection/install/anomaly_msg/include/anomaly_msg/anomaly_msg/msg/detail/anomaly_log__type_support.h
-- Installing: /root/dev_ws/src/anomaly_detection/install/anomaly_msg/include/anomaly_msg/anomaly_msg/msg/detail/anomaly_log__description.c
-- Installing: /root/dev_ws/src/anomaly_detection/install/anomaly_msg/include/anomaly_msg/anomaly_msg/msg/detail/anomaly_log__functions.c
-- Installing: /root/dev_ws/src/anomaly_detection/install/anomaly_msg/include/anomaly_msg/anomaly_msg/msg/detail/anomaly_log__struct.h
-- Installing: /root/dev_ws/src/anomaly_detection/install/anomaly_msg/include/anomaly_msg/anomaly_msg/msg/detail/anomaly_log__functions.h
-- Installing: /root/dev_ws/src/anomaly_detection/install/anomaly_msg/share/anomaly_msg/environment/library_path.sh
-- Installing: /root/dev_ws/src/anomaly_detection/install/anomaly_msg/share/anomaly_msg/environment/library_path.dsv
-- Installing: /root/dev_ws/src/anomaly_detection/install/anomaly_msg/lib/libanomaly_msg__rosidl_generator_c.so
-- Set non-toolchain portion of runtime path of "/root/dev_ws/src/anomaly_detection/install/anomaly_msg/lib/libanomaly_msg__rosidl_generator_c.so" to ""
-- Up-to-date: /root/dev_ws/src/anomaly_detection/install/anomaly_msg/include/anomaly_msg/anomaly_msg
-- Up-to-date: /root/dev_ws/src/anomaly_detection/install/anomaly_msg/include/anomaly_msg/anomaly_msg/msg
-- Up-to-date: /root/dev_ws/src/anomaly_detection/install/anomaly_msg/include/anomaly_msg/anomaly_msg/msg/detail
-- Installing: /root/dev_ws/src/anomaly_detection/install/anomaly_msg/include/anomaly_msg/anomaly_msg/msg/detail/anomaly_log__rosidl_typesupport_fastrtps_c.h
-- Installing: /root/dev_ws/src/anomaly_detection/install/anomaly_msg/include/anomaly_msg/anomaly_msg/msg/rosidl_typesupport_fastrtps_c__visibility_control.h
-- Installing: /root/dev_ws/src/anomaly_detection/install/anomaly_msg/lib/libanomaly_msg__rosidl_typesupport_fastrtps_c.so
-- Set non-toolchain portion of runtime path of "/root/dev_ws/src/anomaly_detection/install/anomaly_msg/lib/libanomaly_msg__rosidl_typesupport_fastrtps_c.so" to ""
-- Up-to-date: /root/dev_ws/src/anomaly_detection/install/anomaly_msg/include/anomaly_msg/anomaly_msg
-- Up-to-date: /root/dev_ws/src/anomaly_detection/install/anomaly_msg/include/anomaly_msg/anomaly_msg/msg
-- Installing: /root/dev_ws/src/anomaly_detection/install/anomaly_msg/include/anomaly_msg/anomaly_msg/msg/rosidl_typesupport_introspection_c__visibility_control.h
-- Up-to-date: /root/dev_ws/src/anomaly_detection/install/anomaly_msg/include/anomaly_msg/anomaly_msg/msg/detail
-- Up-to-date: /root/dev_ws/src/anomaly_detection/install/anomaly_msg/include/anomaly_msg/anomaly_msg/msg/detail/anomaly_log__type_support.c
-- Installing: /root/dev_ws/src/anomaly_detection/install/anomaly_msg/include/anomaly_msg/anomaly_msg/msg/detail/anomaly_log__rosidl_typesupport_introspection_c.h
-- Installing: /root/dev_ws/src/anomaly_detection/install/anomaly_msg/lib/libanomaly_msg__rosidl_typesupport_introspection_c.so
-- Set non-toolchain portion of runtime path of "/root/dev_ws/src/anomaly_detection/install/anomaly_msg/lib/libanomaly_msg__rosidl_typesupport_introspection_c.so" to ""
-- Installing: /root/dev_ws/src/anomaly_detection/install/anomaly_msg/lib/libanomaly_msg__rosidl_typesupport_c.so
-- Set non-toolchain portion of runtime path of "/root/dev_ws/src/anomaly_detection/install/anomaly_msg/lib/libanomaly_msg__rosidl_typesupport_c.so" to ""
-- Up-to-date: /root/dev_ws/src/anomaly_detection/install/anomaly_msg/include/anomaly_msg/anomaly_msg
-- Up-to-date: /root/dev_ws/src/anomaly_detection/install/anomaly_msg/include/anomaly_msg/anomaly_msg/msg
-- Installing: /root/dev_ws/src/anomaly_detection/install/anomaly_msg/include/anomaly_msg/anomaly_msg/msg/rosidl_generator_cpp__visibility_control.hpp
-- Installing: /root/dev_ws/src/anomaly_detection/install/anomaly_msg/include/anomaly_msg/anomaly_msg/msg/anomaly_log.hpp
-- Up-to-date: /root/dev_ws/src/anomaly_detection/install/anomaly_msg/include/anomaly_msg/anomaly_msg/msg/detail
-- Installing: /root/dev_ws/src/anomaly_detection/install/anomaly_msg/include/anomaly_msg/anomaly_msg/msg/detail/anomaly_log__type_support.hpp
-- Installing: /root/dev_ws/src/anomaly_detection/install/anomaly_msg/include/anomaly_msg/anomaly_msg/msg/detail/anomaly_log__struct.hpp
-- Installing: /root/dev_ws/src/anomaly_detection/install/anomaly_msg/include/anomaly_msg/anomaly_msg/msg/detail/anomaly_log__traits.hpp
-- Installing: /root/dev_ws/src/anomaly_detection/install/anomaly_msg/include/anomaly_msg/anomaly_msg/msg/detail/anomaly_log__builder.hpp
-- Up-to-date: /root/dev_ws/src/anomaly_detection/install/anomaly_msg/include/anomaly_msg/anomaly_msg
-- Up-to-date: /root/dev_ws/src/anomaly_detection/install/anomaly_msg/include/anomaly_msg/anomaly_msg/msg
-- Up-to-date: /root/dev_ws/src/anomaly_detection/install/anomaly_msg/include/anomaly_msg/anomaly_msg/msg/detail
-- Installing: /root/dev_ws/src/anomaly_detection/install/anomaly_msg/include/anomaly_msg/anomaly_msg/msg/detail/anomaly_log__rosidl_typesupport_fastrtps_cpp.hpp
-- Installing: /root/dev_ws/src/anomaly_detection/install/anomaly_msg/include/anomaly_msg/anomaly_msg/msg/detail/dds_fastrtps
-- Installing: /root/dev_ws/src/anomaly_detection/install/anomaly_msg/include/anomaly_msg/anomaly_msg/msg/rosidl_typesupport_fastrtps_cpp__visibility_control.h
-- Installing: /root/dev_ws/src/anomaly_detection/install/anomaly_msg/lib/libanomaly_msg__rosidl_typesupport_fastrtps_cpp.so
-- Set non-toolchain portion of runtime path of "/root/dev_ws/src/anomaly_detection/install/anomaly_msg/lib/libanomaly_msg__rosidl_typesupport_fastrtps_cpp.so" to ""
-- Up-to-date: /root/dev_ws/src/anomaly_detection/install/anomaly_msg/include/anomaly_msg/anomaly_msg
-- Up-to-date: /root/dev_ws/src/anomaly_detection/install/anomaly_msg/include/anomaly_msg/anomaly_msg/msg
-- Up-to-date: /root/dev_ws/src/anomaly_detection/install/anomaly_msg/include/anomaly_msg/anomaly_msg/msg/detail
-- Installing: /root/dev_ws/src/anomaly_detection/install/anomaly_msg/include/anomaly_msg/anomaly_msg/msg/detail/anomaly_log__rosidl_typesupport_introspection_cpp.hpp
-- Installing: /root/dev_ws/src/anomaly_detection/install/anomaly_msg/include/anomaly_msg/anomaly_msg/msg/detail/anomaly_log__type_support.cpp
-- Installing: /root/dev_ws/src/anomaly_detection/install/anomaly_msg/lib/libanomaly_msg__rosidl_typesupport_introspection_cpp.so
-- Set non-toolchain portion of runtime path of "/root/dev_ws/src/anomaly_detection/install/anomaly_msg/lib/libanomaly_msg__rosidl_typesupport_introspection_cpp.so" to ""
-- Installing: /root/dev_ws/src/anomaly_detection/install/anomaly_msg/lib/libanomaly_msg__rosidl_typesupport_cpp.so
-- Set non-toolchain portion of runtime path of "/root/dev_ws/src/anomaly_detection/install/anomaly_msg/lib/libanomaly_msg__rosidl_typesupport_cpp.so" to ""
-- Installing: /root/dev_ws/src/anomaly_detection/install/anomaly_msg/share/anomaly_msg/environment/pythonpath.sh
-- Installing: /root/dev_ws/src/anomaly_detection/install/anomaly_msg/share/anomaly_msg/environment/pythonpath.dsv
-- Installing: /root/dev_ws/src/anomaly_detection/install/anomaly_msg/lib/python3.12/site-packages/anomaly_msg-0.0.1-py3.12.egg-info
-- Installing: /root/dev_ws/src/anomaly_detection/install/anomaly_msg/lib/python3.12/site-packages/anomaly_msg-0.0.1-py3.12.egg-info/dependency_links.txt
-- Installing: /root/dev_ws/src/anomaly_detection/install/anomaly_msg/lib/python3.12/site-packages/anomaly_msg-0.0.1-py3.12.egg-info/SOURCES.txt
-- Installing: /root/dev_ws/src/anomaly_detection/install/anomaly_msg/lib/python3.12/site-packages/anomaly_msg-0.0.1-py3.12.egg-info/PKG-INFO
-- Installing: /root/dev_ws/src/anomaly_detection/install/anomaly_msg/lib/python3.12/site-packages/anomaly_msg-0.0.1-py3.12.egg-info/top_level.txt
-- Installing: /root/dev_ws/src/anomaly_detection/install/anomaly_msg/lib/python3.12/site-packages/anomaly_msg
-- Installing: /root/dev_ws/src/anomaly_detection/install/anomaly_msg/lib/python3.12/site-packages/anomaly_msg/msg
-- Installing: /root/dev_ws/src/anomaly_detection/install/anomaly_msg/lib/python3.12/site-packages/anomaly_msg/msg/_anomaly_log_s.c
-- Installing: /root/dev_ws/src/anomaly_detection/install/anomaly_msg/lib/python3.12/site-packages/anomaly_msg/msg/__init__.py
-- Installing: /root/dev_ws/src/anomaly_detection/install/anomaly_msg/lib/python3.12/site-packages/anomaly_msg/msg/_anomaly_log.py
-- Installing: /root/dev_ws/src/anomaly_detection/install/anomaly_msg/lib/python3.12/site-packages/anomaly_msg/anomaly_msg_s__rosidl_typesupport_c.so
-- Installing: /root/dev_ws/src/anomaly_detection/install/anomaly_msg/lib/python3.12/site-packages/anomaly_msg/_anomaly_msg_s.ep.rosidl_typesupport_c.c
-- Installing: /root/dev_ws/src/anomaly_detection/install/anomaly_msg/lib/python3.12/site-packages/anomaly_msg/__init__.py
-- Installing: /root/dev_ws/src/anomaly_detection/install/anomaly_msg/lib/python3.12/site-packages/anomaly_msg/anomaly_msg_s__rosidl_typesupport_introspection_c.so
-- Installing: /root/dev_ws/src/anomaly_detection/install/anomaly_msg/lib/python3.12/site-packages/anomaly_msg/_anomaly_msg_s.ep.rosidl_typesupport_fastrtps_c.c
-- Installing: /root/dev_ws/src/anomaly_detection/install/anomaly_msg/lib/python3.12/site-packages/anomaly_msg/anomaly_msg_s__rosidl_typesupport_fastrtps_c.so
-- Installing: /root/dev_ws/src/anomaly_detection/install/anomaly_msg/lib/python3.12/site-packages/anomaly_msg/_anomaly_msg_s.ep.rosidl_typesupport_introspection_c.c
Listing '/root/dev_ws/src/anomaly_detection/install/anomaly_msg/lib/python3.12/site-packages/anomaly_msg'...
Compiling '/root/dev_ws/src/anomaly_detection/install/anomaly_msg/lib/python3.12/site-packages/anomaly_msg/__init__.py'...
Listing '/root/dev_ws/src/anomaly_detection/install/anomaly_msg/lib/python3.12/site-packages/anomaly_msg/msg'...
Compiling '/root/dev_ws/src/anomaly_detection/install/anomaly_msg/lib/python3.12/site-packages/anomaly_msg/msg/__init__.py'...
Compiling '/root/dev_ws/src/anomaly_detection/install/anomaly_msg/lib/python3.12/site-packages/anomaly_msg/msg/_anomaly_log.py'...
-- Installing: /root/dev_ws/src/anomaly_detection/install/anomaly_msg/lib/python3.12/site-packages/anomaly_msg/anomaly_msg_s__rosidl_typesupport_fastrtps_c.so
-- Set non-toolchain portion of runtime path of "/root/dev_ws/src/anomaly_detection/install/anomaly_msg/lib/python3.12/site-packages/anomaly_msg/anomaly_msg_s__rosidl_typesupport_fastrtps_c.so" to ""
-- Installing: /root/dev_ws/src/anomaly_detection/install/anomaly_msg/lib/python3.12/site-packages/anomaly_msg/anomaly_msg_s__rosidl_typesupport_introspection_c.so
-- Set non-toolchain portion of runtime path of "/root/dev_ws/src/anomaly_detection/install/anomaly_msg/lib/python3.12/site-packages/anomaly_msg/anomaly_msg_s__rosidl_typesupport_introspection_c.so" to ""
-- Installing: /root/dev_ws/src/anomaly_detection/install/anomaly_msg/lib/python3.12/site-packages/anomaly_msg/anomaly_msg_s__rosidl_typesupport_c.so
-- Set non-toolchain portion of runtime path of "/root/dev_ws/src/anomaly_detection/install/anomaly_msg/lib/python3.12/site-packages/anomaly_msg/anomaly_msg_s__rosidl_typesupport_c.so" to ""
-- Installing: /root/dev_ws/src/anomaly_detection/install/anomaly_msg/lib/libanomaly_msg__rosidl_generator_py.so
-- Set non-toolchain portion of runtime path of "/root/dev_ws/src/anomaly_detection/install/anomaly_msg/lib/libanomaly_msg__rosidl_generator_py.so" to ""
-- Installing: /root/dev_ws/src/anomaly_detection/install/anomaly_msg/share/anomaly_msg/msg/AnomalyLog.idl
-- Installing: /root/dev_ws/src/anomaly_detection/install/anomaly_msg/share/anomaly_msg/msg/AnomalyLog.msg
-- Installing: /root/dev_ws/src/anomaly_detection/install/anomaly_msg/share/ament_index/resource_index/package_run_dependencies/anomaly_msg
-- Installing: /root/dev_ws/src/anomaly_detection/install/anomaly_msg/share/ament_index/resource_index/parent_prefix_path/anomaly_msg
-- Installing: /root/dev_ws/src/anomaly_detection/install/anomaly_msg/share/anomaly_msg/environment/ament_prefix_path.sh
-- Installing: /root/dev_ws/src/anomaly_detection/install/anomaly_msg/share/anomaly_msg/environment/ament_prefix_path.dsv
-- Installing: /root/dev_ws/src/anomaly_detection/install/anomaly_msg/share/anomaly_msg/environment/path.sh
-- Installing: /root/dev_ws/src/anomaly_detection/install/anomaly_msg/share/anomaly_msg/environment/path.dsv
-- Installing: /root/dev_ws/src/anomaly_detection/install/anomaly_msg/share/anomaly_msg/local_setup.bash
-- Installing: /root/dev_ws/src/anomaly_detection/install/anomaly_msg/share/anomaly_msg/local_setup.sh
-- Installing: /root/dev_ws/src/anomaly_detection/install/anomaly_msg/share/anomaly_msg/local_setup.zsh
-- Installing: /root/dev_ws/src/anomaly_detection/install/anomaly_msg/share/anomaly_msg/local_setup.dsv
-- Installing: /root/dev_ws/src/anomaly_detection/install/anomaly_msg/share/anomaly_msg/package.dsv
-- Installing: /root/dev_ws/src/anomaly_detection/install/anomaly_msg/share/ament_index/resource_index/packages/anomaly_msg
-- Installing: /root/dev_ws/src/anomaly_detection/install/anomaly_msg/share/anomaly_msg/cmake/export_anomaly_msg__rosidl_generator_cExport.cmake
-- Installing: /root/dev_ws/src/anomaly_detection/install/anomaly_msg/share/anomaly_msg/cmake/export_anomaly_msg__rosidl_generator_cExport-noconfig.cmake
-- Installing: /root/dev_ws/src/anomaly_detection/install/anomaly_msg/share/anomaly_msg/cmake/export_anomaly_msg__rosidl_typesupport_fastrtps_cExport.cmake
-- Installing: /root/dev_ws/src/anomaly_detection/install/anomaly_msg/share/anomaly_msg/cmake/export_anomaly_msg__rosidl_typesupport_fastrtps_cExport-noconfig.cmake
-- Installing: /root/dev_ws/src/anomaly_detection/install/anomaly_msg/share/anomaly_msg/cmake/anomaly_msg__rosidl_typesupport_introspection_cExport.cmake
-- Installing: /root/dev_ws/src/anomaly_detection/install/anomaly_msg/share/anomaly_msg/cmake/anomaly_msg__rosidl_typesupport_introspection_cExport-noconfig.cmake
-- Installing: /root/dev_ws/src/anomaly_detection/install/anomaly_msg/share/anomaly_msg/cmake/anomaly_msg__rosidl_typesupport_cExport.cmake
-- Installing: /root/dev_ws/src/anomaly_detection/install/anomaly_msg/share/anomaly_msg/cmake/anomaly_msg__rosidl_typesupport_cExport-noconfig.cmake
-- Installing: /root/dev_ws/src/anomaly_detection/install/anomaly_msg/share/anomaly_msg/cmake/export_anomaly_msg__rosidl_generator_cppExport.cmake
-- Installing: /root/dev_ws/src/anomaly_detection/install/anomaly_msg/share/anomaly_msg/cmake/export_anomaly_msg__rosidl_typesupport_fastrtps_cppExport.cmake
-- Installing: /root/dev_ws/src/anomaly_detection/install/anomaly_msg/share/anomaly_msg/cmake/export_anomaly_msg__rosidl_typesupport_fastrtps_cppExport-noconfig.cmake
-- Installing: /root/dev_ws/src/anomaly_detection/install/anomaly_msg/share/anomaly_msg/cmake/anomaly_msg__rosidl_typesupport_introspection_cppExport.cmake
-- Installing: /root/dev_ws/src/anomaly_detection/install/anomaly_msg/share/anomaly_msg/cmake/anomaly_msg__rosidl_typesupport_introspection_cppExport-noconfig.cmake
-- Installing: /root/dev_ws/src/anomaly_detection/install/anomaly_msg/share/anomaly_msg/cmake/anomaly_msg__rosidl_typesupport_cppExport.cmake
-- Installing: /root/dev_ws/src/anomaly_detection/install/anomaly_msg/share/anomaly_msg/cmake/anomaly_msg__rosidl_typesupport_cppExport-noconfig.cmake
-- Installing: /root/dev_ws/src/anomaly_detection/install/anomaly_msg/share/anomaly_msg/cmake/export_anomaly_msg__rosidl_generator_pyExport.cmake
-- Installing: /root/dev_ws/src/anomaly_detection/install/anomaly_msg/share/anomaly_msg/cmake/export_anomaly_msg__rosidl_generator_pyExport-noconfig.cmake
-- Installing: /root/dev_ws/src/anomaly_detection/install/anomaly_msg/share/anomaly_msg/cmake/rosidl_cmake-extras.cmake
-- Installing: /root/dev_ws/src/anomaly_detection/install/anomaly_msg/share/anomaly_msg/cmake/ament_cmake_export_dependencies-extras.cmake
-- Installing: /root/dev_ws/src/anomaly_detection/install/anomaly_msg/share/anomaly_msg/cmake/ament_cmake_export_include_directories-extras.cmake
-- Installing: /root/dev_ws/src/anomaly_detection/install/anomaly_msg/share/anomaly_msg/cmake/ament_cmake_export_libraries-extras.cmake
-- Installing: /root/dev_ws/src/anomaly_detection/install/anomaly_msg/share/anomaly_msg/cmake/ament_cmake_export_targets-extras.cmake
-- Installing: /root/dev_ws/src/anomaly_detection/install/anomaly_msg/share/anomaly_msg/cmake/rosidl_cmake_export_typesupport_targets-extras.cmake
-- Installing: /root/dev_ws/src/anomaly_detection/install/anomaly_msg/share/anomaly_msg/cmake/rosidl_cmake_export_typesupport_libraries-extras.cmake
-- Installing: /root/dev_ws/src/anomaly_detection/install/anomaly_msg/share/anomaly_msg/cmake/anomaly_msgConfig.cmake
-- Installing: /root/dev_ws/src/anomaly_detection/install/anomaly_msg/share/anomaly_msg/cmake/anomaly_msgConfig-version.cmake
-- Installing: /root/dev_ws/src/anomaly_detection/install/anomaly_msg/share/anomaly_msg/package.xml
