[0.008s] Invoking command in '/root/dev_ws/src/anomaly_detection/build/anomaly_msg': CMAKE_PREFIX_PATH=${CMAKE_PREFIX_PATH}:/root/dev_ws/install/tester:/root/dev_ws/install/teleop:/root/dev_ws/install/navigation:/root/dev_ws/install/motor_control:/root/dev_ws/install/localization_launch:/root/dev_ws/install/jacart_warmup:/root/dev_ws/install/cart_launch:/root/dev_ws/install/anomaly_detection:/opt/ros_ws/install/tester:/opt/ros_ws/install/teleop:/opt/ros_ws/install/navigation:/opt/ros_ws/install/motor_control:/opt/ros_ws/install/localization_launch:/opt/ros_ws/install/jacart_warmup:/opt/ros_ws/install/cart_launch:/opt/ros_ws/install/anomaly_detection:/opt/ros/jazzy /usr/bin/cmake /root/dev_ws/src/anomaly_detection/anomaly_msg -DCMAKE_INSTALL_PREFIX=/root/dev_ws/src/anomaly_detection/install/anomaly_msg
[0.052s] -- The C compiler identification is GNU 13.3.0
[0.091s] -- The CXX compiler identification is GNU 13.3.0
[0.102s] -- Detecting C compiler ABI info
[0.159s] -- Detecting C compiler ABI info - done
[0.165s] -- Check for working C compiler: /usr/bin/cc - skipped
[0.166s] -- Detecting C compile features
[0.166s] -- Detecting C compile features - done
[0.172s] -- Detecting CXX compiler ABI info
[0.236s] -- Detecting CXX compiler ABI info - done
[0.243s] -- Check for working CXX compiler: /usr/bin/c++ - skipped
[0.243s] -- Detecting CXX compile features
[0.243s] -- Detecting CXX compile features - done
[0.249s] -- Found ament_cmake: 2.5.5 (/opt/ros/jazzy/share/ament_cmake/cmake)
[0.370s] -- Found Python3: /usr/bin/python3 (found version "3.12.3") found components: Interpreter 
[0.460s] -- Found rosidl_default_generators: 1.6.0 (/opt/ros/jazzy/share/rosidl_default_generators/cmake)
[0.467s] -- Using all available rosidl_typesupport_c: rosidl_typesupport_fastrtps_c;rosidl_typesupport_introspection_c
[0.509s] -- Using all available rosidl_typesupport_cpp: rosidl_typesupport_fastrtps_cpp;rosidl_typesupport_introspection_cpp
[0.552s] -- Found rosidl_adapter: 4.6.7 (/opt/ros/jazzy/share/rosidl_adapter/cmake)
[0.555s] -- Found builtin_interfaces: 2.0.3 (/opt/ros/jazzy/share/builtin_interfaces/cmake)
[0.997s] -- Found ament_cmake_ros: 0.12.0 (/opt/ros/jazzy/share/ament_cmake_ros/cmake)
[1.322s] -- Using all available rosidl_typesupport_c: rosidl_typesupport_fastrtps_c;rosidl_typesupport_introspection_c
[1.746s] -- Using all available rosidl_typesupport_cpp: rosidl_typesupport_fastrtps_cpp;rosidl_typesupport_introspection_cpp
[1.749s] -- Found python_cmake_module: 0.11.1 (/opt/ros/jazzy/share/python_cmake_module/cmake)
[1.853s] -- Found PythonExtra: /usr/bin/python3  
[2.175s] -- Found Python3: /usr/bin/python3 (found version "3.12.3") found components: Interpreter Development NumPy Development.Module Development.Embed 
[2.203s] -- Configuring done (2.2s)
[2.223s] -- Generating done (0.0s)
[2.230s] -- Build files have been written to: /root/dev_ws/src/anomaly_detection/build/anomaly_msg
[2.236s] Invoked command in '/root/dev_ws/src/anomaly_detection/build/anomaly_msg' returned '0': CMAKE_PREFIX_PATH=${CMAKE_PREFIX_PATH}:/root/dev_ws/install/tester:/root/dev_ws/install/teleop:/root/dev_ws/install/navigation:/root/dev_ws/install/motor_control:/root/dev_ws/install/localization_launch:/root/dev_ws/install/jacart_warmup:/root/dev_ws/install/cart_launch:/root/dev_ws/install/anomaly_detection:/opt/ros_ws/install/tester:/opt/ros_ws/install/teleop:/opt/ros_ws/install/navigation:/opt/ros_ws/install/motor_control:/opt/ros_ws/install/localization_launch:/opt/ros_ws/install/jacart_warmup:/opt/ros_ws/install/cart_launch:/opt/ros_ws/install/anomaly_detection:/opt/ros/jazzy /usr/bin/cmake /root/dev_ws/src/anomaly_detection/anomaly_msg -DCMAKE_INSTALL_PREFIX=/root/dev_ws/src/anomaly_detection/install/anomaly_msg
[2.236s] Invoking command in '/root/dev_ws/src/anomaly_detection/build/anomaly_msg': CMAKE_PREFIX_PATH=${CMAKE_PREFIX_PATH}:/root/dev_ws/install/tester:/root/dev_ws/install/teleop:/root/dev_ws/install/navigation:/root/dev_ws/install/motor_control:/root/dev_ws/install/localization_launch:/root/dev_ws/install/jacart_warmup:/root/dev_ws/install/cart_launch:/root/dev_ws/install/anomaly_detection:/opt/ros_ws/install/tester:/opt/ros_ws/install/teleop:/opt/ros_ws/install/navigation:/opt/ros_ws/install/motor_control:/opt/ros_ws/install/localization_launch:/opt/ros_ws/install/jacart_warmup:/opt/ros_ws/install/cart_launch:/opt/ros_ws/install/anomaly_detection:/opt/ros/jazzy /usr/bin/cmake --build /root/dev_ws/src/anomaly_detection/build/anomaly_msg -- -j16 -l16
[2.267s] [  2%] [34m[1mGenerating type hashes for ROS interfaces[0m
[2.272s] [  2%] Built target ament_cmake_python_copy_anomaly_msg
[2.426s] running egg_info
[2.427s] creating anomaly_msg.egg-info
[2.435s] [  2%] Built target anomaly_msg__rosidl_generator_type_description
[2.438s] writing anomaly_msg.egg-info/PKG-INFO
[2.439s] writing dependency_links to anomaly_msg.egg-info/dependency_links.txt
[2.439s] writing top-level names to anomaly_msg.egg-info/top_level.txt
[2.439s] writing manifest file 'anomaly_msg.egg-info/SOURCES.txt'
[2.442s] [  5%] [34m[1mGenerating C code for ROS interfaces[0m
[2.449s] [  8%] [34m[1mGenerating C++ code for ROS interfaces[0m
[2.475s] reading manifest file 'anomaly_msg.egg-info/SOURCES.txt'
[2.475s] writing manifest file 'anomaly_msg.egg-info/SOURCES.txt'
[2.494s] [  8%] Built target ament_cmake_python_build_anomaly_msg_egg
[2.644s] [  8%] Built target anomaly_msg__cpp
[2.660s] [ 14%] [32mBuilding C object CMakeFiles/anomaly_msg__rosidl_generator_c.dir/rosidl_generator_c/anomaly_msg/msg/detail/anomaly_log__description.c.o[0m
[2.660s] [ 14%] [32mBuilding C object CMakeFiles/anomaly_msg__rosidl_generator_c.dir/rosidl_generator_c/anomaly_msg/msg/detail/anomaly_log__functions.c.o[0m
[2.660s] [ 17%] [32mBuilding C object CMakeFiles/anomaly_msg__rosidl_generator_c.dir/rosidl_generator_c/anomaly_msg/msg/detail/anomaly_log__type_support.c.o[0m
[2.694s] [ 20%] [32m[1mLinking C shared library libanomaly_msg__rosidl_generator_c.so[0m
[2.718s] [ 20%] Built target anomaly_msg__rosidl_generator_c
[2.725s] [ 38%] [34m[1mGenerating C type support for eProsima Fast-RTPS[0m
[2.725s] [ 38%] [34m[1mGenerating C++ type support dispatch for ROS interfaces[0m
[2.725s] [ 38%] [34m[1mGenerating C++ introspection for ROS interfaces[0m
[2.725s] [ 38%] [34m[1mGenerating C++ type support for eProsima Fast-RTPS[0m
[2.725s] [ 38%] [34m[1mGenerating C type support dispatch for ROS interfaces[0m
[2.725s] [ 38%] [34m[1mGenerating C introspection for ROS interfaces[0m
[2.919s] [ 44%] [32mBuilding CXX object CMakeFiles/anomaly_msg__rosidl_typesupport_cpp.dir/rosidl_typesupport_cpp/anomaly_msg/msg/anomaly_log__type_support.cpp.o[0m
[2.919s] [ 44%] [32mBuilding CXX object CMakeFiles/anomaly_msg__rosidl_typesupport_c.dir/rosidl_typesupport_c/anomaly_msg/msg/anomaly_log__type_support.cpp.o[0m
[2.933s] [ 47%] [32mBuilding CXX object CMakeFiles/anomaly_msg__rosidl_typesupport_introspection_cpp.dir/rosidl_typesupport_introspection_cpp/anomaly_msg/msg/detail/anomaly_log__type_support.cpp.o[0m
[2.935s] [ 50%] [32mBuilding C object CMakeFiles/anomaly_msg__rosidl_typesupport_introspection_c.dir/rosidl_typesupport_introspection_c/anomaly_msg/msg/detail/anomaly_log__type_support.c.o[0m
[2.943s] [ 52%] [32mBuilding CXX object CMakeFiles/anomaly_msg__rosidl_typesupport_fastrtps_cpp.dir/rosidl_typesupport_fastrtps_cpp/anomaly_msg/msg/detail/dds_fastrtps/anomaly_log__type_support.cpp.o[0m
[2.945s] [ 55%] [32mBuilding CXX object CMakeFiles/anomaly_msg__rosidl_typesupport_fastrtps_c.dir/rosidl_typesupport_fastrtps_c/anomaly_msg/msg/detail/anomaly_log__type_support_c.cpp.o[0m
[2.947s] [ 58%] [32m[1mLinking CXX shared library libanomaly_msg__rosidl_typesupport_c.so[0m
[2.963s] [ 61%] [32m[1mLinking C shared library libanomaly_msg__rosidl_typesupport_introspection_c.so[0m
[2.975s] [ 61%] Built target anomaly_msg__rosidl_typesupport_c
[2.984s] [ 61%] Built target anomaly_msg__rosidl_typesupport_introspection_c
[3.115s] [ 64%] [32m[1mLinking CXX shared library libanomaly_msg__rosidl_typesupport_cpp.so[0m
[3.144s] [ 64%] Built target anomaly_msg__rosidl_typesupport_cpp
[3.152s] [ 67%] [32m[1mLinking CXX shared library libanomaly_msg__rosidl_typesupport_introspection_cpp.so[0m
[3.200s] [ 67%] Built target anomaly_msg__rosidl_typesupport_introspection_cpp
[3.248s] [ 70%] [32m[1mLinking CXX shared library libanomaly_msg__rosidl_typesupport_fastrtps_c.so[0m
[3.264s] [ 73%] [32m[1mLinking CXX shared library libanomaly_msg__rosidl_typesupport_fastrtps_cpp.so[0m
[3.296s] [ 73%] Built target anomaly_msg__rosidl_typesupport_fastrtps_c
[3.312s] [ 73%] Built target anomaly_msg__rosidl_typesupport_fastrtps_cpp
[3.324s] [ 73%] Built target anomaly_msg
[3.336s] [ 76%] [34m[1mGenerating Python code for ROS interfaces[0m
[3.588s] [ 76%] Built target anomaly_msg__py
[3.601s] [ 79%] [32mBuilding C object CMakeFiles/anomaly_msg__rosidl_generator_py.dir/rosidl_generator_py/anomaly_msg/msg/_anomaly_log_s.c.o[0m
[3.689s] [ 82%] [32m[1mLinking C shared library libanomaly_msg__rosidl_generator_py.so[0m
[3.719s] [ 82%] Built target anomaly_msg__rosidl_generator_py
[3.734s] [ 91%] [32mBuilding C object CMakeFiles/anomaly_msg_s__rosidl_typesupport_c.dir/rosidl_generator_py/anomaly_msg/_anomaly_msg_s.ep.rosidl_typesupport_c.c.o[0m
[3.734s] [ 91%] [32mBuilding C object CMakeFiles/anomaly_msg_s__rosidl_typesupport_fastrtps_c.dir/rosidl_generator_py/anomaly_msg/_anomaly_msg_s.ep.rosidl_typesupport_fastrtps_c.c.o[0m
[3.734s] [ 91%] [32mBuilding C object CMakeFiles/anomaly_msg_s__rosidl_typesupport_introspection_c.dir/rosidl_generator_py/anomaly_msg/_anomaly_msg_s.ep.rosidl_typesupport_introspection_c.c.o[0m
[3.799s] [ 97%] [32m[1mLinking C shared module rosidl_generator_py/anomaly_msg/anomaly_msg_s__rosidl_typesupport_c.so[0m
[3.799s] [ 97%] [32m[1mLinking C shared module rosidl_generator_py/anomaly_msg/anomaly_msg_s__rosidl_typesupport_introspection_c.so[0m
[3.799s] [100%] [32m[1mLinking C shared module rosidl_generator_py/anomaly_msg/anomaly_msg_s__rosidl_typesupport_fastrtps_c.so[0m
[3.819s] [100%] Built target anomaly_msg_s__rosidl_typesupport_c
[3.819s] [100%] Built target anomaly_msg_s__rosidl_typesupport_introspection_c
[3.819s] [100%] Built target anomaly_msg_s__rosidl_typesupport_fastrtps_c
[3.827s] Invoked command in '/root/dev_ws/src/anomaly_detection/build/anomaly_msg' returned '0': CMAKE_PREFIX_PATH=${CMAKE_PREFIX_PATH}:/root/dev_ws/install/tester:/root/dev_ws/install/teleop:/root/dev_ws/install/navigation:/root/dev_ws/install/motor_control:/root/dev_ws/install/localization_launch:/root/dev_ws/install/jacart_warmup:/root/dev_ws/install/cart_launch:/root/dev_ws/install/anomaly_detection:/opt/ros_ws/install/tester:/opt/ros_ws/install/teleop:/opt/ros_ws/install/navigation:/opt/ros_ws/install/motor_control:/opt/ros_ws/install/localization_launch:/opt/ros_ws/install/jacart_warmup:/opt/ros_ws/install/cart_launch:/opt/ros_ws/install/anomaly_detection:/opt/ros/jazzy /usr/bin/cmake --build /root/dev_ws/src/anomaly_detection/build/anomaly_msg -- -j16 -l16
[3.833s] Invoking command in '/root/dev_ws/src/anomaly_detection/build/anomaly_msg': CMAKE_PREFIX_PATH=${CMAKE_PREFIX_PATH}:/root/dev_ws/install/tester:/root/dev_ws/install/teleop:/root/dev_ws/install/navigation:/root/dev_ws/install/motor_control:/root/dev_ws/install/localization_launch:/root/dev_ws/install/jacart_warmup:/root/dev_ws/install/cart_launch:/root/dev_ws/install/anomaly_detection:/opt/ros_ws/install/tester:/opt/ros_ws/install/teleop:/opt/ros_ws/install/navigation:/opt/ros_ws/install/motor_control:/opt/ros_ws/install/localization_launch:/opt/ros_ws/install/jacart_warmup:/opt/ros_ws/install/cart_launch:/opt/ros_ws/install/anomaly_detection:/opt/ros/jazzy /usr/bin/cmake --install /root/dev_ws/src/anomaly_detection/build/anomaly_msg
[3.838s] -- Install configuration: ""
[3.838s] -- Installing: /root/dev_ws/src/anomaly_detection/install/anomaly_msg/share/ament_index/resource_index/rosidl_interfaces/anomaly_msg
[3.838s] -- Installing: /root/dev_ws/src/anomaly_detection/install/anomaly_msg/share/anomaly_msg/msg/AnomalyLog.json
[3.838s] -- Installing: /root/dev_ws/src/anomaly_detection/install/anomaly_msg/include/anomaly_msg/anomaly_msg
[3.838s] -- Installing: /root/dev_ws/src/anomaly_detection/install/anomaly_msg/include/anomaly_msg/anomaly_msg/msg
[3.838s] -- Installing: /root/dev_ws/src/anomaly_detection/install/anomaly_msg/include/anomaly_msg/anomaly_msg/msg/anomaly_log.h
[3.838s] -- Installing: /root/dev_ws/src/anomaly_detection/install/anomaly_msg/include/anomaly_msg/anomaly_msg/msg/rosidl_generator_c__visibility_control.h
[3.838s] -- Installing: /root/dev_ws/src/anomaly_detection/install/anomaly_msg/include/anomaly_msg/anomaly_msg/msg/detail
[3.838s] -- Installing: /root/dev_ws/src/anomaly_detection/install/anomaly_msg/include/anomaly_msg/anomaly_msg/msg/detail/anomaly_log__type_support.c
[3.839s] -- Installing: /root/dev_ws/src/anomaly_detection/install/anomaly_msg/include/anomaly_msg/anomaly_msg/msg/detail/anomaly_log__type_support.h
[3.839s] -- Installing: /root/dev_ws/src/anomaly_detection/install/anomaly_msg/include/anomaly_msg/anomaly_msg/msg/detail/anomaly_log__description.c
[3.839s] -- Installing: /root/dev_ws/src/anomaly_detection/install/anomaly_msg/include/anomaly_msg/anomaly_msg/msg/detail/anomaly_log__functions.c
[3.839s] -- Installing: /root/dev_ws/src/anomaly_detection/install/anomaly_msg/include/anomaly_msg/anomaly_msg/msg/detail/anomaly_log__struct.h
[3.839s] -- Installing: /root/dev_ws/src/anomaly_detection/install/anomaly_msg/include/anomaly_msg/anomaly_msg/msg/detail/anomaly_log__functions.h
[3.839s] -- Installing: /root/dev_ws/src/anomaly_detection/install/anomaly_msg/share/anomaly_msg/environment/library_path.sh
[3.839s] -- Installing: /root/dev_ws/src/anomaly_detection/install/anomaly_msg/share/anomaly_msg/environment/library_path.dsv
[3.839s] -- Installing: /root/dev_ws/src/anomaly_detection/install/anomaly_msg/lib/libanomaly_msg__rosidl_generator_c.so
[3.839s] -- Set non-toolchain portion of runtime path of "/root/dev_ws/src/anomaly_detection/install/anomaly_msg/lib/libanomaly_msg__rosidl_generator_c.so" to ""
[3.839s] -- Up-to-date: /root/dev_ws/src/anomaly_detection/install/anomaly_msg/include/anomaly_msg/anomaly_msg
[3.839s] -- Up-to-date: /root/dev_ws/src/anomaly_detection/install/anomaly_msg/include/anomaly_msg/anomaly_msg/msg
[3.839s] -- Up-to-date: /root/dev_ws/src/anomaly_detection/install/anomaly_msg/include/anomaly_msg/anomaly_msg/msg/detail
[3.839s] -- Installing: /root/dev_ws/src/anomaly_detection/install/anomaly_msg/include/anomaly_msg/anomaly_msg/msg/detail/anomaly_log__rosidl_typesupport_fastrtps_c.h
[3.839s] -- Installing: /root/dev_ws/src/anomaly_detection/install/anomaly_msg/include/anomaly_msg/anomaly_msg/msg/rosidl_typesupport_fastrtps_c__visibility_control.h
[3.839s] -- Installing: /root/dev_ws/src/anomaly_detection/install/anomaly_msg/lib/libanomaly_msg__rosidl_typesupport_fastrtps_c.so
[3.840s] -- Set non-toolchain portion of runtime path of "/root/dev_ws/src/anomaly_detection/install/anomaly_msg/lib/libanomaly_msg__rosidl_typesupport_fastrtps_c.so" to ""
[3.840s] -- Up-to-date: /root/dev_ws/src/anomaly_detection/install/anomaly_msg/include/anomaly_msg/anomaly_msg
[3.840s] -- Up-to-date: /root/dev_ws/src/anomaly_detection/install/anomaly_msg/include/anomaly_msg/anomaly_msg/msg
[3.840s] -- Installing: /root/dev_ws/src/anomaly_detection/install/anomaly_msg/include/anomaly_msg/anomaly_msg/msg/rosidl_typesupport_introspection_c__visibility_control.h
[3.840s] -- Up-to-date: /root/dev_ws/src/anomaly_detection/install/anomaly_msg/include/anomaly_msg/anomaly_msg/msg/detail
[3.840s] -- Up-to-date: /root/dev_ws/src/anomaly_detection/install/anomaly_msg/include/anomaly_msg/anomaly_msg/msg/detail/anomaly_log__type_support.c
[3.840s] -- Installing: /root/dev_ws/src/anomaly_detection/install/anomaly_msg/include/anomaly_msg/anomaly_msg/msg/detail/anomaly_log__rosidl_typesupport_introspection_c.h
[3.840s] -- Installing: /root/dev_ws/src/anomaly_detection/install/anomaly_msg/lib/libanomaly_msg__rosidl_typesupport_introspection_c.so
[3.840s] -- Set non-toolchain portion of runtime path of "/root/dev_ws/src/anomaly_detection/install/anomaly_msg/lib/libanomaly_msg__rosidl_typesupport_introspection_c.so" to ""
[3.840s] -- Installing: /root/dev_ws/src/anomaly_detection/install/anomaly_msg/lib/libanomaly_msg__rosidl_typesupport_c.so
[3.840s] -- Set non-toolchain portion of runtime path of "/root/dev_ws/src/anomaly_detection/install/anomaly_msg/lib/libanomaly_msg__rosidl_typesupport_c.so" to ""
[3.840s] -- Up-to-date: /root/dev_ws/src/anomaly_detection/install/anomaly_msg/include/anomaly_msg/anomaly_msg
[3.840s] -- Up-to-date: /root/dev_ws/src/anomaly_detection/install/anomaly_msg/include/anomaly_msg/anomaly_msg/msg
[3.840s] -- Installing: /root/dev_ws/src/anomaly_detection/install/anomaly_msg/include/anomaly_msg/anomaly_msg/msg/rosidl_generator_cpp__visibility_control.hpp
[3.840s] -- Installing: /root/dev_ws/src/anomaly_detection/install/anomaly_msg/include/anomaly_msg/anomaly_msg/msg/anomaly_log.hpp
[3.840s] -- Up-to-date: /root/dev_ws/src/anomaly_detection/install/anomaly_msg/include/anomaly_msg/anomaly_msg/msg/detail
[3.840s] -- Installing: /root/dev_ws/src/anomaly_detection/install/anomaly_msg/include/anomaly_msg/anomaly_msg/msg/detail/anomaly_log__type_support.hpp
[3.840s] -- Installing: /root/dev_ws/src/anomaly_detection/install/anomaly_msg/include/anomaly_msg/anomaly_msg/msg/detail/anomaly_log__struct.hpp
[3.841s] -- Installing: /root/dev_ws/src/anomaly_detection/install/anomaly_msg/include/anomaly_msg/anomaly_msg/msg/detail/anomaly_log__traits.hpp
[3.841s] -- Installing: /root/dev_ws/src/anomaly_detection/install/anomaly_msg/include/anomaly_msg/anomaly_msg/msg/detail/anomaly_log__builder.hpp
[3.841s] -- Up-to-date: /root/dev_ws/src/anomaly_detection/install/anomaly_msg/include/anomaly_msg/anomaly_msg
[3.841s] -- Up-to-date: /root/dev_ws/src/anomaly_detection/install/anomaly_msg/include/anomaly_msg/anomaly_msg/msg
[3.841s] -- Up-to-date: /root/dev_ws/src/anomaly_detection/install/anomaly_msg/include/anomaly_msg/anomaly_msg/msg/detail
[3.841s] -- Installing: /root/dev_ws/src/anomaly_detection/install/anomaly_msg/include/anomaly_msg/anomaly_msg/msg/detail/anomaly_log__rosidl_typesupport_fastrtps_cpp.hpp
[3.841s] -- Installing: /root/dev_ws/src/anomaly_detection/install/anomaly_msg/include/anomaly_msg/anomaly_msg/msg/detail/dds_fastrtps
[3.841s] -- Installing: /root/dev_ws/src/anomaly_detection/install/anomaly_msg/include/anomaly_msg/anomaly_msg/msg/rosidl_typesupport_fastrtps_cpp__visibility_control.h
[3.841s] -- Installing: /root/dev_ws/src/anomaly_detection/install/anomaly_msg/lib/libanomaly_msg__rosidl_typesupport_fastrtps_cpp.so
[3.841s] -- Set non-toolchain portion of runtime path of "/root/dev_ws/src/anomaly_detection/install/anomaly_msg/lib/libanomaly_msg__rosidl_typesupport_fastrtps_cpp.so" to ""
[3.841s] -- Up-to-date: /root/dev_ws/src/anomaly_detection/install/anomaly_msg/include/anomaly_msg/anomaly_msg
[3.841s] -- Up-to-date: /root/dev_ws/src/anomaly_detection/install/anomaly_msg/include/anomaly_msg/anomaly_msg/msg
[3.841s] -- Up-to-date: /root/dev_ws/src/anomaly_detection/install/anomaly_msg/include/anomaly_msg/anomaly_msg/msg/detail
[3.841s] -- Installing: /root/dev_ws/src/anomaly_detection/install/anomaly_msg/include/anomaly_msg/anomaly_msg/msg/detail/anomaly_log__rosidl_typesupport_introspection_cpp.hpp
[3.841s] -- Installing: /root/dev_ws/src/anomaly_detection/install/anomaly_msg/include/anomaly_msg/anomaly_msg/msg/detail/anomaly_log__type_support.cpp
[3.841s] -- Installing: /root/dev_ws/src/anomaly_detection/install/anomaly_msg/lib/libanomaly_msg__rosidl_typesupport_introspection_cpp.so
[3.841s] -- Set non-toolchain portion of runtime path of "/root/dev_ws/src/anomaly_detection/install/anomaly_msg/lib/libanomaly_msg__rosidl_typesupport_introspection_cpp.so" to ""
[3.841s] -- Installing: /root/dev_ws/src/anomaly_detection/install/anomaly_msg/lib/libanomaly_msg__rosidl_typesupport_cpp.so
[3.842s] -- Set non-toolchain portion of runtime path of "/root/dev_ws/src/anomaly_detection/install/anomaly_msg/lib/libanomaly_msg__rosidl_typesupport_cpp.so" to ""
[3.842s] -- Installing: /root/dev_ws/src/anomaly_detection/install/anomaly_msg/share/anomaly_msg/environment/pythonpath.sh
[3.842s] -- Installing: /root/dev_ws/src/anomaly_detection/install/anomaly_msg/share/anomaly_msg/environment/pythonpath.dsv
[3.842s] -- Installing: /root/dev_ws/src/anomaly_detection/install/anomaly_msg/lib/python3.12/site-packages/anomaly_msg-0.0.1-py3.12.egg-info
[3.842s] -- Installing: /root/dev_ws/src/anomaly_detection/install/anomaly_msg/lib/python3.12/site-packages/anomaly_msg-0.0.1-py3.12.egg-info/dependency_links.txt
[3.842s] -- Installing: /root/dev_ws/src/anomaly_detection/install/anomaly_msg/lib/python3.12/site-packages/anomaly_msg-0.0.1-py3.12.egg-info/SOURCES.txt
[3.842s] -- Installing: /root/dev_ws/src/anomaly_detection/install/anomaly_msg/lib/python3.12/site-packages/anomaly_msg-0.0.1-py3.12.egg-info/PKG-INFO
[3.842s] -- Installing: /root/dev_ws/src/anomaly_detection/install/anomaly_msg/lib/python3.12/site-packages/anomaly_msg-0.0.1-py3.12.egg-info/top_level.txt
[3.842s] -- Installing: /root/dev_ws/src/anomaly_detection/install/anomaly_msg/lib/python3.12/site-packages/anomaly_msg
[3.842s] -- Installing: /root/dev_ws/src/anomaly_detection/install/anomaly_msg/lib/python3.12/site-packages/anomaly_msg/msg
[3.842s] -- Installing: /root/dev_ws/src/anomaly_detection/install/anomaly_msg/lib/python3.12/site-packages/anomaly_msg/msg/_anomaly_log_s.c
[3.842s] -- Installing: /root/dev_ws/src/anomaly_detection/install/anomaly_msg/lib/python3.12/site-packages/anomaly_msg/msg/__init__.py
[3.842s] -- Installing: /root/dev_ws/src/anomaly_detection/install/anomaly_msg/lib/python3.12/site-packages/anomaly_msg/msg/_anomaly_log.py
[3.842s] -- Installing: /root/dev_ws/src/anomaly_detection/install/anomaly_msg/lib/python3.12/site-packages/anomaly_msg/anomaly_msg_s__rosidl_typesupport_c.so
[3.842s] -- Installing: /root/dev_ws/src/anomaly_detection/install/anomaly_msg/lib/python3.12/site-packages/anomaly_msg/_anomaly_msg_s.ep.rosidl_typesupport_c.c
[3.842s] -- Installing: /root/dev_ws/src/anomaly_detection/install/anomaly_msg/lib/python3.12/site-packages/anomaly_msg/__init__.py
[3.843s] -- Installing: /root/dev_ws/src/anomaly_detection/install/anomaly_msg/lib/python3.12/site-packages/anomaly_msg/anomaly_msg_s__rosidl_typesupport_introspection_c.so
[3.843s] -- Installing: /root/dev_ws/src/anomaly_detection/install/anomaly_msg/lib/python3.12/site-packages/anomaly_msg/_anomaly_msg_s.ep.rosidl_typesupport_fastrtps_c.c
[3.843s] -- Installing: /root/dev_ws/src/anomaly_detection/install/anomaly_msg/lib/python3.12/site-packages/anomaly_msg/anomaly_msg_s__rosidl_typesupport_fastrtps_c.so
[3.843s] -- Installing: /root/dev_ws/src/anomaly_detection/install/anomaly_msg/lib/python3.12/site-packages/anomaly_msg/_anomaly_msg_s.ep.rosidl_typesupport_introspection_c.c
[3.875s] Listing '/root/dev_ws/src/anomaly_detection/install/anomaly_msg/lib/python3.12/site-packages/anomaly_msg'...
[3.875s] Compiling '/root/dev_ws/src/anomaly_detection/install/anomaly_msg/lib/python3.12/site-packages/anomaly_msg/__init__.py'...
[3.875s] Listing '/root/dev_ws/src/anomaly_detection/install/anomaly_msg/lib/python3.12/site-packages/anomaly_msg/msg'...
[3.875s] Compiling '/root/dev_ws/src/anomaly_detection/install/anomaly_msg/lib/python3.12/site-packages/anomaly_msg/msg/__init__.py'...
[3.875s] Compiling '/root/dev_ws/src/anomaly_detection/install/anomaly_msg/lib/python3.12/site-packages/anomaly_msg/msg/_anomaly_log.py'...
[3.879s] -- Installing: /root/dev_ws/src/anomaly_detection/install/anomaly_msg/lib/python3.12/site-packages/anomaly_msg/anomaly_msg_s__rosidl_typesupport_fastrtps_c.so
[3.879s] -- Set non-toolchain portion of runtime path of "/root/dev_ws/src/anomaly_detection/install/anomaly_msg/lib/python3.12/site-packages/anomaly_msg/anomaly_msg_s__rosidl_typesupport_fastrtps_c.so" to ""
[3.879s] -- Installing: /root/dev_ws/src/anomaly_detection/install/anomaly_msg/lib/python3.12/site-packages/anomaly_msg/anomaly_msg_s__rosidl_typesupport_introspection_c.so
[3.879s] -- Set non-toolchain portion of runtime path of "/root/dev_ws/src/anomaly_detection/install/anomaly_msg/lib/python3.12/site-packages/anomaly_msg/anomaly_msg_s__rosidl_typesupport_introspection_c.so" to ""
[3.879s] -- Installing: /root/dev_ws/src/anomaly_detection/install/anomaly_msg/lib/python3.12/site-packages/anomaly_msg/anomaly_msg_s__rosidl_typesupport_c.so
[3.879s] -- Set non-toolchain portion of runtime path of "/root/dev_ws/src/anomaly_detection/install/anomaly_msg/lib/python3.12/site-packages/anomaly_msg/anomaly_msg_s__rosidl_typesupport_c.so" to ""
[3.879s] -- Installing: /root/dev_ws/src/anomaly_detection/install/anomaly_msg/lib/libanomaly_msg__rosidl_generator_py.so
[3.880s] -- Set non-toolchain portion of runtime path of "/root/dev_ws/src/anomaly_detection/install/anomaly_msg/lib/libanomaly_msg__rosidl_generator_py.so" to ""
[3.880s] -- Installing: /root/dev_ws/src/anomaly_detection/install/anomaly_msg/share/anomaly_msg/msg/AnomalyLog.idl
[3.880s] -- Installing: /root/dev_ws/src/anomaly_detection/install/anomaly_msg/share/anomaly_msg/msg/AnomalyLog.msg
[3.880s] -- Installing: /root/dev_ws/src/anomaly_detection/install/anomaly_msg/share/ament_index/resource_index/package_run_dependencies/anomaly_msg
[3.880s] -- Installing: /root/dev_ws/src/anomaly_detection/install/anomaly_msg/share/ament_index/resource_index/parent_prefix_path/anomaly_msg
[3.880s] -- Installing: /root/dev_ws/src/anomaly_detection/install/anomaly_msg/share/anomaly_msg/environment/ament_prefix_path.sh
[3.880s] -- Installing: /root/dev_ws/src/anomaly_detection/install/anomaly_msg/share/anomaly_msg/environment/ament_prefix_path.dsv
[3.880s] -- Installing: /root/dev_ws/src/anomaly_detection/install/anomaly_msg/share/anomaly_msg/environment/path.sh
[3.880s] -- Installing: /root/dev_ws/src/anomaly_detection/install/anomaly_msg/share/anomaly_msg/environment/path.dsv
[3.880s] -- Installing: /root/dev_ws/src/anomaly_detection/install/anomaly_msg/share/anomaly_msg/local_setup.bash
[3.880s] -- Installing: /root/dev_ws/src/anomaly_detection/install/anomaly_msg/share/anomaly_msg/local_setup.sh
[3.880s] -- Installing: /root/dev_ws/src/anomaly_detection/install/anomaly_msg/share/anomaly_msg/local_setup.zsh
[3.880s] -- Installing: /root/dev_ws/src/anomaly_detection/install/anomaly_msg/share/anomaly_msg/local_setup.dsv
[3.880s] -- Installing: /root/dev_ws/src/anomaly_detection/install/anomaly_msg/share/anomaly_msg/package.dsv
[3.881s] -- Installing: /root/dev_ws/src/anomaly_detection/install/anomaly_msg/share/ament_index/resource_index/packages/anomaly_msg
[3.881s] -- Installing: /root/dev_ws/src/anomaly_detection/install/anomaly_msg/share/anomaly_msg/cmake/export_anomaly_msg__rosidl_generator_cExport.cmake
[3.881s] -- Installing: /root/dev_ws/src/anomaly_detection/install/anomaly_msg/share/anomaly_msg/cmake/export_anomaly_msg__rosidl_generator_cExport-noconfig.cmake
[3.881s] -- Installing: /root/dev_ws/src/anomaly_detection/install/anomaly_msg/share/anomaly_msg/cmake/export_anomaly_msg__rosidl_typesupport_fastrtps_cExport.cmake
[3.881s] -- Installing: /root/dev_ws/src/anomaly_detection/install/anomaly_msg/share/anomaly_msg/cmake/export_anomaly_msg__rosidl_typesupport_fastrtps_cExport-noconfig.cmake
[3.881s] -- Installing: /root/dev_ws/src/anomaly_detection/install/anomaly_msg/share/anomaly_msg/cmake/anomaly_msg__rosidl_typesupport_introspection_cExport.cmake
[3.881s] -- Installing: /root/dev_ws/src/anomaly_detection/install/anomaly_msg/share/anomaly_msg/cmake/anomaly_msg__rosidl_typesupport_introspection_cExport-noconfig.cmake
[3.881s] -- Installing: /root/dev_ws/src/anomaly_detection/install/anomaly_msg/share/anomaly_msg/cmake/anomaly_msg__rosidl_typesupport_cExport.cmake
[3.881s] -- Installing: /root/dev_ws/src/anomaly_detection/install/anomaly_msg/share/anomaly_msg/cmake/anomaly_msg__rosidl_typesupport_cExport-noconfig.cmake
[3.881s] -- Installing: /root/dev_ws/src/anomaly_detection/install/anomaly_msg/share/anomaly_msg/cmake/export_anomaly_msg__rosidl_generator_cppExport.cmake
[3.881s] -- Installing: /root/dev_ws/src/anomaly_detection/install/anomaly_msg/share/anomaly_msg/cmake/export_anomaly_msg__rosidl_typesupport_fastrtps_cppExport.cmake
[3.882s] -- Installing: /root/dev_ws/src/anomaly_detection/install/anomaly_msg/share/anomaly_msg/cmake/export_anomaly_msg__rosidl_typesupport_fastrtps_cppExport-noconfig.cmake
[3.882s] -- Installing: /root/dev_ws/src/anomaly_detection/install/anomaly_msg/share/anomaly_msg/cmake/anomaly_msg__rosidl_typesupport_introspection_cppExport.cmake
[3.882s] -- Installing: /root/dev_ws/src/anomaly_detection/install/anomaly_msg/share/anomaly_msg/cmake/anomaly_msg__rosidl_typesupport_introspection_cppExport-noconfig.cmake
[3.882s] -- Installing: /root/dev_ws/src/anomaly_detection/install/anomaly_msg/share/anomaly_msg/cmake/anomaly_msg__rosidl_typesupport_cppExport.cmake
[3.882s] -- Installing: /root/dev_ws/src/anomaly_detection/install/anomaly_msg/share/anomaly_msg/cmake/anomaly_msg__rosidl_typesupport_cppExport-noconfig.cmake
[3.882s] -- Installing: /root/dev_ws/src/anomaly_detection/install/anomaly_msg/share/anomaly_msg/cmake/export_anomaly_msg__rosidl_generator_pyExport.cmake
[3.882s] -- Installing: /root/dev_ws/src/anomaly_detection/install/anomaly_msg/share/anomaly_msg/cmake/export_anomaly_msg__rosidl_generator_pyExport-noconfig.cmake
[3.882s] -- Installing: /root/dev_ws/src/anomaly_detection/install/anomaly_msg/share/anomaly_msg/cmake/rosidl_cmake-extras.cmake
[3.882s] -- Installing: /root/dev_ws/src/anomaly_detection/install/anomaly_msg/share/anomaly_msg/cmake/ament_cmake_export_dependencies-extras.cmake
[3.882s] -- Installing: /root/dev_ws/src/anomaly_detection/install/anomaly_msg/share/anomaly_msg/cmake/ament_cmake_export_include_directories-extras.cmake
[3.882s] -- Installing: /root/dev_ws/src/anomaly_detection/install/anomaly_msg/share/anomaly_msg/cmake/ament_cmake_export_libraries-extras.cmake
[3.882s] -- Installing: /root/dev_ws/src/anomaly_detection/install/anomaly_msg/share/anomaly_msg/cmake/ament_cmake_export_targets-extras.cmake
[3.882s] -- Installing: /root/dev_ws/src/anomaly_detection/install/anomaly_msg/share/anomaly_msg/cmake/rosidl_cmake_export_typesupport_targets-extras.cmake
[3.883s] -- Installing: /root/dev_ws/src/anomaly_detection/install/anomaly_msg/share/anomaly_msg/cmake/rosidl_cmake_export_typesupport_libraries-extras.cmake
[3.883s] -- Installing: /root/dev_ws/src/anomaly_detection/install/anomaly_msg/share/anomaly_msg/cmake/anomaly_msgConfig.cmake
[3.883s] -- Installing: /root/dev_ws/src/anomaly_detection/install/anomaly_msg/share/anomaly_msg/cmake/anomaly_msgConfig-version.cmake
[3.883s] -- Installing: /root/dev_ws/src/anomaly_detection/install/anomaly_msg/share/anomaly_msg/package.xml
[3.885s] Invoked command in '/root/dev_ws/src/anomaly_detection/build/anomaly_msg' returned '0': CMAKE_PREFIX_PATH=${CMAKE_PREFIX_PATH}:/root/dev_ws/install/tester:/root/dev_ws/install/teleop:/root/dev_ws/install/navigation:/root/dev_ws/install/motor_control:/root/dev_ws/install/localization_launch:/root/dev_ws/install/jacart_warmup:/root/dev_ws/install/cart_launch:/root/dev_ws/install/anomaly_detection:/opt/ros_ws/install/tester:/opt/ros_ws/install/teleop:/opt/ros_ws/install/navigation:/opt/ros_ws/install/motor_control:/opt/ros_ws/install/localization_launch:/opt/ros_ws/install/jacart_warmup:/opt/ros_ws/install/cart_launch:/opt/ros_ws/install/anomaly_detection:/opt/ros/jazzy /usr/bin/cmake --install /root/dev_ws/src/anomaly_detection/build/anomaly_msg
